2008.11.17 22:54 B C:\wamp\www\PROYECTOSWEB\IMAGINAMOS\CODINTER\website\highslide\highslide.css --> elecciones2018.com /public_html/codinter/highslide highslide.css
2008.11.17 22:54 B C:\wamp\www\PROYECTOSWEB\IMAGINAMOS\CODINTER\website\highslide\highslide-with-html.js --> elecciones2018.com /public_html/codinter/highslide highslide-with-html.js
2008.11.17 22:54 B C:\wamp\www\PROYECTOSWEB\IMAGINAMOS\CODINTER\website\highslide\highslide-full.js --> elecciones2018.com /public_html/codinter/highslide highslide-full.js
2008.11.17 22:54 B C:\wamp\www\PROYECTOSWEB\IMAGINAMOS\CODINTER\website\highslide\highslide.packed.js --> elecciones2018.com /public_html/codinter/highslide highslide.packed.js
2008.11.17 22:54 B C:\wamp\www\PROYECTOSWEB\IMAGINAMOS\CODINTER\website\highslide\highslide.js --> elecciones2018.com /public_html/codinter/highslide highslide.js
2008.11.17 22:54 B C:\wamp\www\PROYECTOSWEB\IMAGINAMOS\CODINTER\website\highslide\highslide-with-html.packed.js --> elecciones2018.com /public_html/codinter/highslide highslide-with-html.packed.js
2008.11.17 22:54 B C:\wamp\www\PROYECTOSWEB\IMAGINAMOS\CODINTER\website\highslide\highslide-with-gallery.packed.js --> elecciones2018.com /public_html/codinter/highslide highslide-with-gallery.packed.js
2008.11.17 22:54 B C:\wamp\www\PROYECTOSWEB\IMAGINAMOS\CODINTER\website\highslide\highslide-with-gallery.js --> elecciones2018.com /public_html/codinter/highslide highslide-with-gallery.js
2008.11.17 22:54 B C:\wamp\www\PROYECTOSWEB\IMAGINAMOS\CODINTER\website\highslide\highslide-full.packed.js --> elecciones2018.com /public_html/codinter/highslide highslide-full.packed.js
2008.11.17 22:54 B C:\wamp\www\PROYECTOSWEB\IMAGINAMOS\CODINTER\website\highslide\highslide-ie6.css --> elecciones2018.com /public_html/codinter/highslide highslide-ie6.css
2008.11.17 22:54 B C:\wamp\www\PROYECTOSWEB\IMAGINAMOS\CODINTER\website\highslide\swfobject.js --> elecciones2018.com /public_html/codinter/highslide swfobject.js
2008.11.20 00:08 B C:\wamp\www\PROYECTOSWEB\IMAGINAMOS\CODINTER\website\highslide\swfobject.js <-- IMAGINAMOS /public_html/codinter/highslide swfobject.js
2008.11.20 00:08 B C:\wamp\www\PROYECTOSWEB\IMAGINAMOS\CODINTER\website\highslide\highslide.packed.js <-- IMAGINAMOS /public_html/codinter/highslide highslide.packed.js
2008.11.20 00:08 B C:\wamp\www\PROYECTOSWEB\IMAGINAMOS\CODINTER\website\highslide\highslide.js <-- IMAGINAMOS /public_html/codinter/highslide highslide.js
2008.11.20 00:08 B C:\wamp\www\PROYECTOSWEB\IMAGINAMOS\CODINTER\website\highslide\highslide.css <-- IMAGINAMOS /public_html/codinter/highslide highslide.css
2008.11.20 00:08 B C:\wamp\www\PROYECTOSWEB\IMAGINAMOS\CODINTER\website\highslide\highslide-with-html.packed.js <-- IMAGINAMOS /public_html/codinter/highslide highslide-with-html.packed.js
2008.11.20 00:08 B C:\wamp\www\PROYECTOSWEB\IMAGINAMOS\CODINTER\website\highslide\highslide-with-html.js <-- IMAGINAMOS /public_html/codinter/highslide highslide-with-html.js
2008.11.20 00:08 B C:\wamp\www\PROYECTOSWEB\IMAGINAMOS\CODINTER\website\highslide\highslide-with-gallery.packed.js <-- IMAGINAMOS /public_html/codinter/highslide highslide-with-gallery.packed.js
2008.11.20 00:08 B C:\wamp\www\PROYECTOSWEB\IMAGINAMOS\CODINTER\website\highslide\highslide-with-gallery.js <-- IMAGINAMOS /public_html/codinter/highslide highslide-with-gallery.js
2008.11.20 00:08 B C:\wamp\www\PROYECTOSWEB\IMAGINAMOS\CODINTER\website\highslide\highslide-ie6.css <-- IMAGINAMOS /public_html/codinter/highslide highslide-ie6.css
2008.11.20 00:08 B C:\wamp\www\PROYECTOSWEB\IMAGINAMOS\CODINTER\website\highslide\highslide-full.packed.js <-- IMAGINAMOS /public_html/codinter/highslide highslide-full.packed.js
2008.11.20 00:08 B C:\wamp\www\PROYECTOSWEB\IMAGINAMOS\CODINTER\website\highslide\highslide-full.js <-- IMAGINAMOS /public_html/codinter/highslide highslide-full.js
2008.11.25 21:18 B C:\wamp\www\PROYECTOSWEB\IMAGINAMOS\CODINTER\website\highslide\highslide.js --> elecciones2018.com /public_html/codinter/highslide highslide.js
2008.11.25 21:18 B C:\wamp\www\PROYECTOSWEB\IMAGINAMOS\CODINTER\website\highslide\highslide-with-html.js --> elecciones2018.com /public_html/codinter/highslide highslide-with-html.js
2008.11.25 21:18 B C:\wamp\www\PROYECTOSWEB\IMAGINAMOS\CODINTER\website\highslide\highslide.css --> elecciones2018.com /public_html/codinter/highslide highslide.css
2008.11.25 21:18 B C:\wamp\www\PROYECTOSWEB\IMAGINAMOS\CODINTER\website\highslide\WS_FTP.LOG --> elecciones2018.com /public_html/codinter/highslide WS_FTP.LOG
2009.02.06 21:07 B C:\wamp\www\PROYECTOSWEB\IMAGINAMOS\CODINTER\website\highslide\swfobject.js --> codinter.com /public_html/highslide swfobject.js
2009.02.06 21:07 B C:\wamp\www\PROYECTOSWEB\IMAGINAMOS\CODINTER\website\highslide\highslide.packed.js --> codinter.com /public_html/highslide highslide.packed.js
2009.02.06 21:07 B C:\wamp\www\PROYECTOSWEB\IMAGINAMOS\CODINTER\website\highslide\highslide.js --> codinter.com /public_html/highslide highslide.js
2009.02.06 21:07 B C:\wamp\www\PROYECTOSWEB\IMAGINAMOS\CODINTER\website\highslide\highslide.css --> codinter.com /public_html/highslide highslide.css
2009.02.06 21:07 B C:\wamp\www\PROYECTOSWEB\IMAGINAMOS\CODINTER\website\highslide\highslide-with-html.packed.js --> codinter.com /public_html/highslide highslide-with-html.packed.js
2009.02.06 21:07 B C:\wamp\www\PROYECTOSWEB\IMAGINAMOS\CODINTER\website\highslide\highslide-with-html.js --> codinter.com /public_html/highslide highslide-with-html.js
2009.02.06 21:07 B C:\wamp\www\PROYECTOSWEB\IMAGINAMOS\CODINTER\website\highslide\highslide-with-gallery.packed.js --> codinter.com /public_html/highslide highslide-with-gallery.packed.js
2009.02.06 21:07 B C:\wamp\www\PROYECTOSWEB\IMAGINAMOS\CODINTER\website\highslide\highslide-with-gallery.js --> codinter.com /public_html/highslide highslide-with-gallery.js
2009.02.06 21:07 B C:\wamp\www\PROYECTOSWEB\IMAGINAMOS\CODINTER\website\highslide\highslide-ie6.css --> codinter.com /public_html/highslide highslide-ie6.css
2009.02.06 21:07 B C:\wamp\www\PROYECTOSWEB\IMAGINAMOS\CODINTER\website\highslide\highslide-full.packed.js --> codinter.com /public_html/highslide highslide-full.packed.js
2009.02.06 21:07 B C:\wamp\www\PROYECTOSWEB\IMAGINAMOS\CODINTER\website\highslide\highslide-full.js --> codinter.com /public_html/highslide highslide-full.js
2009.05.22 23:37 B C:\wamp\www\PROYECTOSWEB\IMAGINAMOS\CEINNOVA\website\highslide\highslide-with-html.js --> elecciones2018.com /public_html/ceinnova/highslide highslide-with-html.js
2009.05.22 23:37 B C:\wamp\www\PROYECTOSWEB\IMAGINAMOS\CEINNOVA\website\highslide\WS_FTP.LOG --> elecciones2018.com /public_html/ceinnova/highslide WS_FTP.LOG
2009.05.22 23:37 B C:\wamp\www\PROYECTOSWEB\IMAGINAMOS\CEINNOVA\website\highslide\highslide.js --> elecciones2018.com /public_html/ceinnova/highslide highslide.js
2009.05.22 23:37 B C:\wamp\www\PROYECTOSWEB\IMAGINAMOS\CEINNOVA\website\highslide\highslide.css --> elecciones2018.com /public_html/ceinnova/highslide highslide.css
2009.05.22 23:37 B C:\wamp\www\PROYECTOSWEB\IMAGINAMOS\CEINNOVA\website\highslide\swfobject.js --> elecciones2018.com /public_html/ceinnova/highslide swfobject.js
2009.05.22 23:37 B C:\wamp\www\PROYECTOSWEB\IMAGINAMOS\CEINNOVA\website\highslide\highslide.packed.js --> elecciones2018.com /public_html/ceinnova/highslide highslide.packed.js
2009.05.22 23:37 B C:\wamp\www\PROYECTOSWEB\IMAGINAMOS\CEINNOVA\website\highslide\highslide-with-html.packed.js --> elecciones2018.com /public_html/ceinnova/highslide highslide-with-html.packed.js
2009.05.22 23:37 B C:\wamp\www\PROYECTOSWEB\IMAGINAMOS\CEINNOVA\website\highslide\highslide-with-gallery.packed.js --> elecciones2018.com /public_html/ceinnova/highslide highslide-with-gallery.packed.js
2009.05.22 23:37 B C:\wamp\www\PROYECTOSWEB\IMAGINAMOS\CEINNOVA\website\highslide\highslide-with-gallery.js --> elecciones2018.com /public_html/ceinnova/highslide highslide-with-gallery.js
2009.05.22 23:37 B C:\wamp\www\PROYECTOSWEB\IMAGINAMOS\CEINNOVA\website\highslide\highslide-ie6.css --> elecciones2018.com /public_html/ceinnova/highslide highslide-ie6.css
2009.05.22 23:37 B C:\wamp\www\PROYECTOSWEB\IMAGINAMOS\CEINNOVA\website\highslide\highslide-full.packed.js --> elecciones2018.com /public_html/ceinnova/highslide highslide-full.packed.js
2009.05.22 23:38 B C:\wamp\www\PROYECTOSWEB\IMAGINAMOS\CEINNOVA\website\highslide\highslide-full.js --> elecciones2018.com /public_html/ceinnova/highslide highslide-full.js
2009.05.28 09:53 B C:\wamp\www\PROYECTOSWEB\IMAGINAMOS\MAQUINANDOYSUBASTANDO\website\highslide\highslide.css --> elecciones2018.com /public_html/maquinando/highslide highslide.css
2009.05.28 09:53 B C:\wamp\www\PROYECTOSWEB\IMAGINAMOS\MAQUINANDOYSUBASTANDO\website\highslide\highslide-with-html.js --> elecciones2018.com /public_html/maquinando/highslide highslide-with-html.js
2009.05.28 09:53 B C:\wamp\www\PROYECTOSWEB\IMAGINAMOS\MAQUINANDOYSUBASTANDO\website\highslide\highslide.js --> elecciones2018.com /public_html/maquinando/highslide highslide.js
2009.05.28 09:53 B C:\wamp\www\PROYECTOSWEB\IMAGINAMOS\MAQUINANDOYSUBASTANDO\website\highslide\WS_FTP.LOG --> elecciones2018.com /public_html/maquinando/highslide WS_FTP.LOG
2009.05.28 09:53 B C:\wamp\www\PROYECTOSWEB\IMAGINAMOS\MAQUINANDOYSUBASTANDO\website\highslide\swfobject.js --> elecciones2018.com /public_html/maquinando/highslide swfobject.js
2009.05.28 09:53 B C:\wamp\www\PROYECTOSWEB\IMAGINAMOS\MAQUINANDOYSUBASTANDO\website\highslide\highslide.packed.js --> elecciones2018.com /public_html/maquinando/highslide highslide.packed.js
2009.05.28 09:53 B C:\wamp\www\PROYECTOSWEB\IMAGINAMOS\MAQUINANDOYSUBASTANDO\website\highslide\highslide-with-html.packed.js --> elecciones2018.com /public_html/maquinando/highslide highslide-with-html.packed.js
2009.05.28 09:53 B C:\wamp\www\PROYECTOSWEB\IMAGINAMOS\MAQUINANDOYSUBASTANDO\website\highslide\highslide-with-gallery.packed.js --> elecciones2018.com /public_html/maquinando/highslide highslide-with-gallery.packed.js
2009.05.28 09:53 B C:\wamp\www\PROYECTOSWEB\IMAGINAMOS\MAQUINANDOYSUBASTANDO\website\highslide\highslide-with-gallery.js --> elecciones2018.com /public_html/maquinando/highslide highslide-with-gallery.js
2009.05.28 09:53 B C:\wamp\www\PROYECTOSWEB\IMAGINAMOS\MAQUINANDOYSUBASTANDO\website\highslide\highslide-ie6.css --> elecciones2018.com /public_html/maquinando/highslide highslide-ie6.css
2009.05.28 09:53 B C:\wamp\www\PROYECTOSWEB\IMAGINAMOS\MAQUINANDOYSUBASTANDO\website\highslide\highslide-full.packed.js --> elecciones2018.com /public_html/maquinando/highslide highslide-full.packed.js
2009.05.28 09:53 B C:\wamp\www\PROYECTOSWEB\IMAGINAMOS\MAQUINANDOYSUBASTANDO\website\highslide\highslide-full.js --> elecciones2018.com /public_html/maquinando/highslide highslide-full.js
2010.01.07 18:49 B C:\wamp\www\PROYECTOSWEB\IMAGINAMOS\imaginamos_projects\My Dropbox\FB\maquinandoysubastando\website\highslide\WS_FTP.LOG --> 207.210.64.55 /public_html/maquinandoysubastando/website/highslide WS_FTP.LOG
2010.01.07 18:49 B C:\wamp\www\PROYECTOSWEB\IMAGINAMOS\imaginamos_projects\My Dropbox\FB\maquinandoysubastando\website\highslide\highslide.css --> 207.210.64.55 /public_html/maquinandoysubastando/website/highslide highslide.css
2010.01.07 18:49 B C:\wamp\www\PROYECTOSWEB\IMAGINAMOS\imaginamos_projects\My Dropbox\FB\maquinandoysubastando\website\highslide\highslide-with-html.js --> 207.210.64.55 /public_html/maquinandoysubastando/website/highslide highslide-with-html.js
2010.01.07 18:49 B C:\wamp\www\PROYECTOSWEB\IMAGINAMOS\imaginamos_projects\My Dropbox\FB\maquinandoysubastando\website\highslide\highslide.js --> 207.210.64.55 /public_html/maquinandoysubastando/website/highslide highslide.js
2010.01.07 18:50 B C:\wamp\www\PROYECTOSWEB\IMAGINAMOS\imaginamos_projects\My Dropbox\FB\maquinandoysubastando\website\highslide\swfobject.js --> 207.210.64.55 /public_html/maquinandoysubastando/website/highslide swfobject.js
2010.01.07 18:50 B C:\wamp\www\PROYECTOSWEB\IMAGINAMOS\imaginamos_projects\My Dropbox\FB\maquinandoysubastando\website\highslide\highslide.packed.js --> 207.210.64.55 /public_html/maquinandoysubastando/website/highslide highslide.packed.js
2010.01.07 18:50 B C:\wamp\www\PROYECTOSWEB\IMAGINAMOS\imaginamos_projects\My Dropbox\FB\maquinandoysubastando\website\highslide\highslide-with-html.packed.js --> 207.210.64.55 /public_html/maquinandoysubastando/website/highslide highslide-with-html.packed.js
2010.01.07 18:50 B C:\wamp\www\PROYECTOSWEB\IMAGINAMOS\imaginamos_projects\My Dropbox\FB\maquinandoysubastando\website\highslide\highslide-with-gallery.packed.js --> 207.210.64.55 /public_html/maquinandoysubastando/website/highslide highslide-with-gallery.packed.js
2010.01.07 18:50 B C:\wamp\www\PROYECTOSWEB\IMAGINAMOS\imaginamos_projects\My Dropbox\FB\maquinandoysubastando\website\highslide\highslide-with-gallery.js --> 207.210.64.55 /public_html/maquinandoysubastando/website/highslide highslide-with-gallery.js
2010.01.07 18:50 B C:\wamp\www\PROYECTOSWEB\IMAGINAMOS\imaginamos_projects\My Dropbox\FB\maquinandoysubastando\website\highslide\highslide-ie6.css --> 207.210.64.55 /public_html/maquinandoysubastando/website/highslide highslide-ie6.css
2010.01.07 18:50 B C:\wamp\www\PROYECTOSWEB\IMAGINAMOS\imaginamos_projects\My Dropbox\FB\maquinandoysubastando\website\highslide\highslide-full.packed.js --> 207.210.64.55 /public_html/maquinandoysubastando/website/highslide highslide-full.packed.js
2010.01.07 18:50 B C:\wamp\www\PROYECTOSWEB\IMAGINAMOS\imaginamos_projects\My Dropbox\FB\maquinandoysubastando\website\highslide\highslide-full.js --> 207.210.64.55 /public_html/maquinandoysubastando/website/highslide highslide-full.js
